<?xml version="1.0" encoding="UTF-8"?>
<!-- Generated by org.testng.reporters.JUnitReportReporter -->
<testsuite hostname="SABYA-TI8158" name="test.CalculatorTestAdd" tests="34" failures="0" timestamp="20 Nov 2014 06:08:34 GMT" time="0.264" errors="0">
  <testcase name="concurrencyTest" time="0.000" classname="test.CalculatorTestAdd"/>
  <testcase name="concurrencyTest" time="0.000" classname="test.CalculatorTestAdd"/>
  <testcase name="concurrencyTest" time="0.000" classname="test.CalculatorTestAdd"/>
  <testcase name="testAdd3" time="0.000" classname="test.CalculatorTestAdd"/>
  <testcase name="testAdd3" time="0.000" classname="test.CalculatorTestAdd"/>
  <testcase name="testAdd2" time="0.015" classname="test.CalculatorTestAdd"/>
  <testcase name="testAdd3" time="0.000" classname="test.CalculatorTestAdd"/>
  <testcase name="concurrencyTest" time="0.015" classname="test.CalculatorTestAdd"/>
  <testcase name="concurrencyTest" time="0.015" classname="test.CalculatorTestAdd"/>
  <testcase name="testAdd4" time="0.000" classname="test.CalculatorTestAdd"/>
  <testcase name="concurrencyTest" time="0.031" classname="test.CalculatorTestAdd"/>
  <testcase name="concurrencyTest" time="0.000" classname="test.CalculatorTestAdd"/>
  <testcase name="testAdd3" time="0.000" classname="test.CalculatorTestAdd"/>
  <testcase name="concurrencyTest" time="0.000" classname="test.CalculatorTestAdd"/>
  <testcase name="testAdd3" time="0.000" classname="test.CalculatorTestAdd"/>
  <testcase name="testAdd1" time="0.078" classname="test.CalculatorTestAdd"/>
  <testcase name="exceptionTest" time="0.000" classname="test.CalculatorTestAdd"/>
  <testcase name="testAdd3" time="0.016" classname="test.CalculatorTestAdd"/>
  <testcase name="concurrencyTest" time="0.000" classname="test.CalculatorTestAdd"/>
  <testcase name="concurrencyTest" time="0.016" classname="test.CalculatorTestAdd"/>
  <testcase name="concurrencyTest" time="0.047" classname="test.CalculatorTestAdd"/>
  <testcase name="testAdd3" time="0.000" classname="test.CalculatorTestAdd"/>
  <testcase name="concurrencyTest" time="0.015" classname="test.CalculatorTestAdd"/>
  <testcase name="concurrencyTest" time="0.000" classname="test.CalculatorTestAdd"/>
  <testcase name="testAdd3" time="0.000" classname="test.CalculatorTestAdd"/>
  <testcase name="testAdd3" time="0.000" classname="test.CalculatorTestAdd"/>
  <testcase name="concurrencyTest" time="0.000" classname="test.CalculatorTestAdd"/>
  <testcase name="concurrencyTest" time="0.000" classname="test.CalculatorTestAdd"/>
  <testcase name="concurrencyTest" time="0.016" classname="test.CalculatorTestAdd"/>
  <testcase name="concurrencyTest" time="0.000" classname="test.CalculatorTestAdd"/>
  <testcase name="testAdd3" time="0.000" classname="test.CalculatorTestAdd"/>
  <testcase name="concurrencyTest" time="0.000" classname="test.CalculatorTestAdd"/>
  <testcase name="concurrencyTest" time="0.000" classname="test.CalculatorTestAdd"/>
  <testcase name="concurrencyTest" time="0.000" classname="test.CalculatorTestAdd"/>
</testsuite> <!-- test.CalculatorTestAdd -->
