<?xml version="1.0" encoding="UTF-8" ?>
<testsuite failures="1" time="55.951" errors="0" skipped="0" tests="1" name="TestSuite">
  <properties>
    <property name="java.runtime.name" value="Java(TM) SE Runtime Environment"/>
    <property name="sun.boot.library.path" value="C:\Program Files\Java\jdk1.7.0_71\jre\bin"/>
    <property name="java.vm.version" value="24.71-b01"/>
    <property name="java.vm.vendor" value="Oracle Corporation"/>
    <property name="java.vendor.url" value="http://java.oracle.com/"/>
    <property name="path.separator" value=";"/>
    <property name="java.vm.name" value="Java HotSpot(TM) Client VM"/>
    <property name="file.encoding.pkg" value="sun.io"/>
    <property name="user.script" value=""/>
    <property name="user.country" value="IN"/>
    <property name="sun.java.launcher" value="SUN_STANDARD"/>
    <property name="sun.os.patch.level" value="Service Pack 1"/>
    <property name="java.vm.specification.name" value="Java Virtual Machine Specification"/>
    <property name="user.dir" value="D:\Mycodes\TFSAutomation"/>
    <property name="java.runtime.version" value="1.7.0_71-b14"/>
    <property name="java.awt.graphicsenv" value="sun.awt.Win32GraphicsEnvironment"/>
    <property name="basedir" value="D:\Mycodes\TFSAutomation"/>
    <property name="java.endorsed.dirs" value="C:\Program Files\Java\jdk1.7.0_71\jre\lib\endorsed"/>
    <property name="os.arch" value="x86"/>
    <property name="surefire.real.class.path" value="C:\Users\SABYAS~1.MIS\AppData\Local\Temp\surefirebooter6891485292898223874.jar"/>
    <property name="java.io.tmpdir" value="C:\Users\SABYAS~1.MIS\AppData\Local\Temp\"/>
    <property name="line.separator" value="
"/>
    <property name="java.vm.specification.vendor" value="Oracle Corporation"/>
    <property name="user.variant" value=""/>
    <property name="os.name" value="Windows 7"/>
    <property name="sun.jnu.encoding" value="Cp1252"/>
    <property name="java.library.path" value="C:\Program Files\Java\jdk1.7.0_71\jre\bin;C:\Windows\Sun\Java\bin;C:\Windows\system32;C:\Windows;C:/Program Files/Java/jre7/bin/client;C:/Program Files/Java/jre7/bin;C:/Program Files/Java/jre7/lib/i386;C:\Program Files\Common Files\Microsoft Shared\Windows Live;C:\Windows\system32;C:\Windows;C:\Windows\System32\Wbem;C:\Windows\System32\WindowsPowerShell\v1.0\;C:\Program Files\QT Lite\QTSystem;C:\Program Files\TortoiseSVN\bin;C:\Program Files\Windows Live\Shared;D:\D\eclipse;;."/>
    <property name="surefire.test.class.path" value="D:\Mycodes\TFSAutomation\target\test-classes;D:\Mycodes\TFSAutomation\target\classes;C:\Users\sabyasachi.mishra\.m2\repository\mysql\mysql-connector-java\5.1.21\mysql-connector-java-5.1.21.jar;C:\Users\sabyasachi.mishra\.m2\repository\org\testng\testng\6.8.8\testng-6.8.8.jar;C:\Users\sabyasachi.mishra\.m2\repository\org\beanshell\bsh\2.0b4\bsh-2.0b4.jar;C:\Users\sabyasachi.mishra\.m2\repository\com\beust\jcommander\1.27\jcommander-1.27.jar;C:\Users\sabyasachi.mishra\.m2\repository\log4j\log4j\1.2.17\log4j-1.2.17.jar;C:\Users\sabyasachi.mishra\.m2\repository\com\lowagie\itext\2.1.7\itext-2.1.7.jar;C:\Users\sabyasachi.mishra\.m2\repository\bouncycastle\bcmail-jdk14\138\bcmail-jdk14-138.jar;C:\Users\sabyasachi.mishra\.m2\repository\bouncycastle\bcprov-jdk14\138\bcprov-jdk14-138.jar;C:\Users\sabyasachi.mishra\.m2\repository\org\bouncycastle\bctsp-jdk14\1.38\bctsp-jdk14-1.38.jar;C:\Users\sabyasachi.mishra\.m2\repository\org\bouncycastle\bcprov-jdk14\1.38\bcprov-jdk14-1.38.jar;C:\Users\sabyasachi.mishra\.m2\repository\org\bouncycastle\bcmail-jdk14\1.38\bcmail-jdk14-1.38.jar;C:\Users\sabyasachi.mishra\.m2\repository\org\seleniumhq\selenium\selenium-server\2.44.0\selenium-server-2.44.0.jar;C:\Users\sabyasachi.mishra\.m2\repository\org\bouncycastle\bcprov-jdk15on\1.48\bcprov-jdk15on-1.48.jar;C:\Users\sabyasachi.mishra\.m2\repository\org\bouncycastle\bcpkix-jdk15on\1.48\bcpkix-jdk15on-1.48.jar;C:\Users\sabyasachi.mishra\.m2\repository\mx4j\mx4j-tools\3.0.1\mx4j-tools-3.0.1.jar;C:\Users\sabyasachi.mishra\.m2\repository\org\mortbay\jetty\servlet-api-2.5\6.1.9\servlet-api-2.5-6.1.9.jar;C:\Users\sabyasachi.mishra\.m2\repository\org\seleniumhq\selenium\jetty-repacked\7.6.1\jetty-repacked-7.6.1.jar;C:\Users\sabyasachi.mishra\.m2\repository\org\seleniumhq\selenium\jetty-rc-repacked\5\jetty-rc-repacked-5.jar;C:\Users\sabyasachi.mishra\.m2\repository\net\jcip\jcip-annotations\1.0\jcip-annotations-1.0.jar;C:\Users\sabyasachi.mishra\.m2\repository\org\yaml\snakeyaml\1.8\snakeyaml-1.8.jar;C:\Users\sabyasachi.mishra\.m2\repository\commons-codec\commons-codec\1.9\commons-codec-1.9.jar;C:\Users\sabyasachi.mishra\.m2\repository\org\seleniumhq\selenium\selenium-java\2.44.0\selenium-java-2.44.0.jar;C:\Users\sabyasachi.mishra\.m2\repository\org\seleniumhq\selenium\selenium-htmlunit-driver\2.44.0\selenium-htmlunit-driver-2.44.0.jar;C:\Users\sabyasachi.mishra\.m2\repository\net\sourceforge\htmlunit\htmlunit\2.15\htmlunit-2.15.jar;C:\Users\sabyasachi.mishra\.m2\repository\xalan\xalan\2.7.1\xalan-2.7.1.jar;C:\Users\sabyasachi.mishra\.m2\repository\xalan\serializer\2.7.1\serializer-2.7.1.jar;C:\Users\sabyasachi.mishra\.m2\repository\commons-collections\commons-collections\3.2.1\commons-collections-3.2.1.jar;C:\Users\sabyasachi.mishra\.m2\repository\org\apache\commons\commons-lang3\3.3.2\commons-lang3-3.3.2.jar;C:\Users\sabyasachi.mishra\.m2\repository\org\apache\httpcomponents\httpmime\4.3.3\httpmime-4.3.3.jar;C:\Users\sabyasachi.mishra\.m2\repository\net\sourceforge\htmlunit\htmlunit-core-js\2.15\htmlunit-core-js-2.15.jar;C:\Users\sabyasachi.mishra\.m2\repository\xerces\xercesImpl\2.11.0\xercesImpl-2.11.0.jar;C:\Users\sabyasachi.mishra\.m2\repository\xml-apis\xml-apis\1.4.01\xml-apis-1.4.01.jar;C:\Users\sabyasachi.mishra\.m2\repository\net\sourceforge\nekohtml\nekohtml\1.9.21\nekohtml-1.9.21.jar;C:\Users\sabyasachi.mishra\.m2\repository\net\sourceforge\cssparser\cssparser\0.9.14\cssparser-0.9.14.jar;C:\Users\sabyasachi.mishra\.m2\repository\org\w3c\css\sac\1.3\sac-1.3.jar;C:\Users\sabyasachi.mishra\.m2\repository\commons-logging\commons-logging\1.1.3\commons-logging-1.1.3.jar;C:\Users\sabyasachi.mishra\.m2\repository\org\eclipse\jetty\jetty-websocket\8.1.15.v20140411\jetty-websocket-8.1.15.v20140411.jar;C:\Users\sabyasachi.mishra\.m2\repository\org\eclipse\jetty\jetty-util\8.1.15.v20140411\jetty-util-8.1.15.v20140411.jar;C:\Users\sabyasachi.mishra\.m2\repository\org\eclipse\jetty\jetty-io\8.1.15.v20140411\jetty-io-8.1.15.v20140411.jar;C:\Users\sabyasachi.mishra\.m2\repository\org\eclipse\jetty\jetty-http\8.1.15.v20140411\jetty-http-8.1.15.v20140411.jar;C:\Users\sabyasachi.mishra\.m2\repository\org\apache\httpcomponents\httpclient\4.3.4\httpclient-4.3.4.jar;C:\Users\sabyasachi.mishra\.m2\repository\org\apache\httpcomponents\httpcore\4.3.2\httpcore-4.3.2.jar;C:\Users\sabyasachi.mishra\.m2\repository\org\seleniumhq\selenium\selenium-firefox-driver\2.44.0\selenium-firefox-driver-2.44.0.jar;C:\Users\sabyasachi.mishra\.m2\repository\commons-io\commons-io\2.4\commons-io-2.4.jar;C:\Users\sabyasachi.mishra\.m2\repository\org\apache\commons\commons-exec\1.1\commons-exec-1.1.jar;C:\Users\sabyasachi.mishra\.m2\repository\org\seleniumhq\selenium\selenium-ie-driver\2.44.0\selenium-ie-driver-2.44.0.jar;C:\Users\sabyasachi.mishra\.m2\repository\net\java\dev\jna\jna\3.4.0\jna-3.4.0.jar;C:\Users\sabyasachi.mishra\.m2\repository\net\java\dev\jna\platform\3.4.0\platform-3.4.0.jar;C:\Users\sabyasachi.mishra\.m2\repository\org\seleniumhq\selenium\selenium-safari-driver\2.44.0\selenium-safari-driver-2.44.0.jar;C:\Users\sabyasachi.mishra\.m2\repository\org\seleniumhq\selenium\selenium-support\2.44.0\selenium-support-2.44.0.jar;C:\Users\sabyasachi.mishra\.m2\repository\org\webbitserver\webbit\0.4.14\webbit-0.4.14.jar;C:\Users\sabyasachi.mishra\.m2\repository\io\netty\netty\3.5.2.Final\netty-3.5.2.Final.jar;C:\Users\sabyasachi.mishra\.m2\repository\org\seleniumhq\selenium\selenium-chrome-driver\2.44.0\selenium-chrome-driver-2.44.0.jar;C:\Users\sabyasachi.mishra\.m2\repository\org\seleniumhq\selenium\selenium-remote-driver\2.44.0\selenium-remote-driver-2.44.0.jar;C:\Users\sabyasachi.mishra\.m2\repository\cglib\cglib-nodep\2.1_3\cglib-nodep-2.1_3.jar;C:\Users\sabyasachi.mishra\.m2\repository\com\google\code\gson\gson\2.3\gson-2.3.jar;C:\Users\sabyasachi.mishra\.m2\repository\org\seleniumhq\selenium\selenium-api\2.44.0\selenium-api-2.44.0.jar;C:\Users\sabyasachi.mishra\.m2\repository\com\google\guava\guava\18.0\guava-18.0.jar;C:\Users\sabyasachi.mishra\.m2\repository\org\uncommons\reportng\1.1.4\reportng-1.1.4.jar;C:\Users\sabyasachi.mishra\.m2\repository\velocity\velocity\1.4\velocity-1.4.jar;C:\Users\sabyasachi.mishra\.m2\repository\velocity\velocity-dep\1.4\velocity-dep-1.4.jar;C:\Users\sabyasachi.mishra\.m2\repository\com\google\inject\guice\3.0\guice-3.0.jar;C:\Users\sabyasachi.mishra\.m2\repository\javax\inject\javax.inject\1\javax.inject-1.jar;C:\Users\sabyasachi.mishra\.m2\repository\aopalliance\aopalliance\1.0\aopalliance-1.0.jar;C:\Users\sabyasachi.mishra\.m2\repository\net\sourceforge\javacsv\javacsv\2.0\javacsv-2.0.jar;C:\Users\sabyasachi.mishra\.m2\repository\net\sf\saxon\saxon\8.7\saxon-8.7.jar;C:\Users\sabyasachi.mishra\.m2\repository\org\apache\poi\poi-ooxml\3.10-FINAL\poi-ooxml-3.10-FINAL.jar;C:\Users\sabyasachi.mishra\.m2\repository\org\apache\poi\poi\3.10-FINAL\poi-3.10-FINAL.jar;C:\Users\sabyasachi.mishra\.m2\repository\dom4j\dom4j\1.6.1\dom4j-1.6.1.jar;C:\Users\sabyasachi.mishra\.m2\repository\org\apache\poi\ooxml-schemas\1.1\ooxml-schemas-1.1.jar;C:\Users\sabyasachi.mishra\.m2\repository\org\apache\xmlbeans\xmlbeans\2.3.0\xmlbeans-2.3.0.jar;C:\Users\sabyasachi.mishra\.m2\repository\stax\stax-api\1.0.1\stax-api-1.0.1.jar;C:\Users\sabyasachi.mishra\.m2\repository\org\apache\poi\poi-ooxml-schemas\3.9\poi-ooxml-schemas-3.9.jar;"/>
    <property name="java.specification.name" value="Java Platform API Specification"/>
    <property name="java.class.version" value="51.0"/>
    <property name="sun.management.compiler" value="HotSpot Client Compiler"/>
    <property name="os.version" value="6.1"/>
    <property name="user.home" value="C:\Users\sabyasachi.mishra"/>
    <property name="user.timezone" value="Asia/Calcutta"/>
    <property name="java.awt.printerjob" value="sun.awt.windows.WPrinterJob"/>
    <property name="java.specification.version" value="1.7"/>
    <property name="file.encoding" value="Cp1252"/>
    <property name="user.name" value="sabyasachi.mishra"/>
    <property name="java.class.path" value="D:\Mycodes\TFSAutomation\target\test-classes;D:\Mycodes\TFSAutomation\target\classes;C:\Users\sabyasachi.mishra\.m2\repository\mysql\mysql-connector-java\5.1.21\mysql-connector-java-5.1.21.jar;C:\Users\sabyasachi.mishra\.m2\repository\org\testng\testng\6.8.8\testng-6.8.8.jar;C:\Users\sabyasachi.mishra\.m2\repository\org\beanshell\bsh\2.0b4\bsh-2.0b4.jar;C:\Users\sabyasachi.mishra\.m2\repository\com\beust\jcommander\1.27\jcommander-1.27.jar;C:\Users\sabyasachi.mishra\.m2\repository\log4j\log4j\1.2.17\log4j-1.2.17.jar;C:\Users\sabyasachi.mishra\.m2\repository\com\lowagie\itext\2.1.7\itext-2.1.7.jar;C:\Users\sabyasachi.mishra\.m2\repository\bouncycastle\bcmail-jdk14\138\bcmail-jdk14-138.jar;C:\Users\sabyasachi.mishra\.m2\repository\bouncycastle\bcprov-jdk14\138\bcprov-jdk14-138.jar;C:\Users\sabyasachi.mishra\.m2\repository\org\bouncycastle\bctsp-jdk14\1.38\bctsp-jdk14-1.38.jar;C:\Users\sabyasachi.mishra\.m2\repository\org\bouncycastle\bcprov-jdk14\1.38\bcprov-jdk14-1.38.jar;C:\Users\sabyasachi.mishra\.m2\repository\org\bouncycastle\bcmail-jdk14\1.38\bcmail-jdk14-1.38.jar;C:\Users\sabyasachi.mishra\.m2\repository\org\seleniumhq\selenium\selenium-server\2.44.0\selenium-server-2.44.0.jar;C:\Users\sabyasachi.mishra\.m2\repository\org\bouncycastle\bcprov-jdk15on\1.48\bcprov-jdk15on-1.48.jar;C:\Users\sabyasachi.mishra\.m2\repository\org\bouncycastle\bcpkix-jdk15on\1.48\bcpkix-jdk15on-1.48.jar;C:\Users\sabyasachi.mishra\.m2\repository\mx4j\mx4j-tools\3.0.1\mx4j-tools-3.0.1.jar;C:\Users\sabyasachi.mishra\.m2\repository\org\mortbay\jetty\servlet-api-2.5\6.1.9\servlet-api-2.5-6.1.9.jar;C:\Users\sabyasachi.mishra\.m2\repository\org\seleniumhq\selenium\jetty-repacked\7.6.1\jetty-repacked-7.6.1.jar;C:\Users\sabyasachi.mishra\.m2\repository\org\seleniumhq\selenium\jetty-rc-repacked\5\jetty-rc-repacked-5.jar;C:\Users\sabyasachi.mishra\.m2\repository\net\jcip\jcip-annotations\1.0\jcip-annotations-1.0.jar;C:\Users\sabyasachi.mishra\.m2\repository\org\yaml\snakeyaml\1.8\snakeyaml-1.8.jar;C:\Users\sabyasachi.mishra\.m2\repository\commons-codec\commons-codec\1.9\commons-codec-1.9.jar;C:\Users\sabyasachi.mishra\.m2\repository\org\seleniumhq\selenium\selenium-java\2.44.0\selenium-java-2.44.0.jar;C:\Users\sabyasachi.mishra\.m2\repository\org\seleniumhq\selenium\selenium-htmlunit-driver\2.44.0\selenium-htmlunit-driver-2.44.0.jar;C:\Users\sabyasachi.mishra\.m2\repository\net\sourceforge\htmlunit\htmlunit\2.15\htmlunit-2.15.jar;C:\Users\sabyasachi.mishra\.m2\repository\xalan\xalan\2.7.1\xalan-2.7.1.jar;C:\Users\sabyasachi.mishra\.m2\repository\xalan\serializer\2.7.1\serializer-2.7.1.jar;C:\Users\sabyasachi.mishra\.m2\repository\commons-collections\commons-collections\3.2.1\commons-collections-3.2.1.jar;C:\Users\sabyasachi.mishra\.m2\repository\org\apache\commons\commons-lang3\3.3.2\commons-lang3-3.3.2.jar;C:\Users\sabyasachi.mishra\.m2\repository\org\apache\httpcomponents\httpmime\4.3.3\httpmime-4.3.3.jar;C:\Users\sabyasachi.mishra\.m2\repository\net\sourceforge\htmlunit\htmlunit-core-js\2.15\htmlunit-core-js-2.15.jar;C:\Users\sabyasachi.mishra\.m2\repository\xerces\xercesImpl\2.11.0\xercesImpl-2.11.0.jar;C:\Users\sabyasachi.mishra\.m2\repository\xml-apis\xml-apis\1.4.01\xml-apis-1.4.01.jar;C:\Users\sabyasachi.mishra\.m2\repository\net\sourceforge\nekohtml\nekohtml\1.9.21\nekohtml-1.9.21.jar;C:\Users\sabyasachi.mishra\.m2\repository\net\sourceforge\cssparser\cssparser\0.9.14\cssparser-0.9.14.jar;C:\Users\sabyasachi.mishra\.m2\repository\org\w3c\css\sac\1.3\sac-1.3.jar;C:\Users\sabyasachi.mishra\.m2\repository\commons-logging\commons-logging\1.1.3\commons-logging-1.1.3.jar;C:\Users\sabyasachi.mishra\.m2\repository\org\eclipse\jetty\jetty-websocket\8.1.15.v20140411\jetty-websocket-8.1.15.v20140411.jar;C:\Users\sabyasachi.mishra\.m2\repository\org\eclipse\jetty\jetty-util\8.1.15.v20140411\jetty-util-8.1.15.v20140411.jar;C:\Users\sabyasachi.mishra\.m2\repository\org\eclipse\jetty\jetty-io\8.1.15.v20140411\jetty-io-8.1.15.v20140411.jar;C:\Users\sabyasachi.mishra\.m2\repository\org\eclipse\jetty\jetty-http\8.1.15.v20140411\jetty-http-8.1.15.v20140411.jar;C:\Users\sabyasachi.mishra\.m2\repository\org\apache\httpcomponents\httpclient\4.3.4\httpclient-4.3.4.jar;C:\Users\sabyasachi.mishra\.m2\repository\org\apache\httpcomponents\httpcore\4.3.2\httpcore-4.3.2.jar;C:\Users\sabyasachi.mishra\.m2\repository\org\seleniumhq\selenium\selenium-firefox-driver\2.44.0\selenium-firefox-driver-2.44.0.jar;C:\Users\sabyasachi.mishra\.m2\repository\commons-io\commons-io\2.4\commons-io-2.4.jar;C:\Users\sabyasachi.mishra\.m2\repository\org\apache\commons\commons-exec\1.1\commons-exec-1.1.jar;C:\Users\sabyasachi.mishra\.m2\repository\org\seleniumhq\selenium\selenium-ie-driver\2.44.0\selenium-ie-driver-2.44.0.jar;C:\Users\sabyasachi.mishra\.m2\repository\net\java\dev\jna\jna\3.4.0\jna-3.4.0.jar;C:\Users\sabyasachi.mishra\.m2\repository\net\java\dev\jna\platform\3.4.0\platform-3.4.0.jar;C:\Users\sabyasachi.mishra\.m2\repository\org\seleniumhq\selenium\selenium-safari-driver\2.44.0\selenium-safari-driver-2.44.0.jar;C:\Users\sabyasachi.mishra\.m2\repository\org\seleniumhq\selenium\selenium-support\2.44.0\selenium-support-2.44.0.jar;C:\Users\sabyasachi.mishra\.m2\repository\org\webbitserver\webbit\0.4.14\webbit-0.4.14.jar;C:\Users\sabyasachi.mishra\.m2\repository\io\netty\netty\3.5.2.Final\netty-3.5.2.Final.jar;C:\Users\sabyasachi.mishra\.m2\repository\org\seleniumhq\selenium\selenium-chrome-driver\2.44.0\selenium-chrome-driver-2.44.0.jar;C:\Users\sabyasachi.mishra\.m2\repository\org\seleniumhq\selenium\selenium-remote-driver\2.44.0\selenium-remote-driver-2.44.0.jar;C:\Users\sabyasachi.mishra\.m2\repository\cglib\cglib-nodep\2.1_3\cglib-nodep-2.1_3.jar;C:\Users\sabyasachi.mishra\.m2\repository\com\google\code\gson\gson\2.3\gson-2.3.jar;C:\Users\sabyasachi.mishra\.m2\repository\org\seleniumhq\selenium\selenium-api\2.44.0\selenium-api-2.44.0.jar;C:\Users\sabyasachi.mishra\.m2\repository\com\google\guava\guava\18.0\guava-18.0.jar;C:\Users\sabyasachi.mishra\.m2\repository\org\uncommons\reportng\1.1.4\reportng-1.1.4.jar;C:\Users\sabyasachi.mishra\.m2\repository\velocity\velocity\1.4\velocity-1.4.jar;C:\Users\sabyasachi.mishra\.m2\repository\velocity\velocity-dep\1.4\velocity-dep-1.4.jar;C:\Users\sabyasachi.mishra\.m2\repository\com\google\inject\guice\3.0\guice-3.0.jar;C:\Users\sabyasachi.mishra\.m2\repository\javax\inject\javax.inject\1\javax.inject-1.jar;C:\Users\sabyasachi.mishra\.m2\repository\aopalliance\aopalliance\1.0\aopalliance-1.0.jar;C:\Users\sabyasachi.mishra\.m2\repository\net\sourceforge\javacsv\javacsv\2.0\javacsv-2.0.jar;C:\Users\sabyasachi.mishra\.m2\repository\net\sf\saxon\saxon\8.7\saxon-8.7.jar;C:\Users\sabyasachi.mishra\.m2\repository\org\apache\poi\poi-ooxml\3.10-FINAL\poi-ooxml-3.10-FINAL.jar;C:\Users\sabyasachi.mishra\.m2\repository\org\apache\poi\poi\3.10-FINAL\poi-3.10-FINAL.jar;C:\Users\sabyasachi.mishra\.m2\repository\dom4j\dom4j\1.6.1\dom4j-1.6.1.jar;C:\Users\sabyasachi.mishra\.m2\repository\org\apache\poi\ooxml-schemas\1.1\ooxml-schemas-1.1.jar;C:\Users\sabyasachi.mishra\.m2\repository\org\apache\xmlbeans\xmlbeans\2.3.0\xmlbeans-2.3.0.jar;C:\Users\sabyasachi.mishra\.m2\repository\stax\stax-api\1.0.1\stax-api-1.0.1.jar;C:\Users\sabyasachi.mishra\.m2\repository\org\apache\poi\poi-ooxml-schemas\3.9\poi-ooxml-schemas-3.9.jar;"/>
    <property name="java.vm.specification.version" value="1.7"/>
    <property name="sun.arch.data.model" value="32"/>
    <property name="java.home" value="C:\Program Files\Java\jdk1.7.0_71\jre"/>
    <property name="sun.java.command" value="C:\Users\SABYAS~1.MIS\AppData\Local\Temp\surefirebooter6891485292898223874.jar C:\Users\SABYAS~1.MIS\AppData\Local\Temp\surefire1132524017200962456tmp C:\Users\SABYAS~1.MIS\AppData\Local\Temp\surefire833874969118958519tmp"/>
    <property name="java.specification.vendor" value="Oracle Corporation"/>
    <property name="user.language" value="en"/>
    <property name="awt.toolkit" value="sun.awt.windows.WToolkit"/>
    <property name="java.vm.info" value="mixed mode, sharing"/>
    <property name="java.version" value="1.7.0_71"/>
    <property name="java.ext.dirs" value="C:\Program Files\Java\jdk1.7.0_71\jre\lib\ext;C:\Windows\Sun\Java\lib\ext"/>
    <property name="sun.boot.class.path" value="C:\Program Files\Java\jdk1.7.0_71\jre\lib\resources.jar;C:\Program Files\Java\jdk1.7.0_71\jre\lib\rt.jar;C:\Program Files\Java\jdk1.7.0_71\jre\lib\sunrsasign.jar;C:\Program Files\Java\jdk1.7.0_71\jre\lib\jsse.jar;C:\Program Files\Java\jdk1.7.0_71\jre\lib\jce.jar;C:\Program Files\Java\jdk1.7.0_71\jre\lib\charsets.jar;C:\Program Files\Java\jdk1.7.0_71\jre\lib\jfr.jar;C:\Program Files\Java\jdk1.7.0_71\jre\classes"/>
    <property name="webdriver.chrome.driver" value="D:\Mycodes\TFSAutomation/lib/chromedriver.exe"/>
    <property name="java.vendor" value="Oracle Corporation"/>
    <property name="org.uncommons.reportng.escape-output" value="false"/>
    <property name="localRepository" value="C:\Users\sabyasachi.mishra\.m2\repository"/>
    <property name="file.separator" value="\"/>
    <property name="java.vendor.url.bug" value="http://bugreport.sun.com/bugreport/"/>
    <property name="sun.cpu.endian" value="little"/>
    <property name="sun.io.unicode.encoding" value="UnicodeLittle"/>
    <property name="sun.desktop" value="windows"/>
    <property name="sun.cpu.isalist" value="pentium_pro+mmx pentium_pro pentium+mmx pentium i486 i386 i86"/>
  </properties>
  <testcase time="0.951" classname="com.taxiforsure.regressionTest.TaxiforSureBookingsTest" name="pointToPointTest">
    <failure message="unknown error: Element is not clickable at point (373, 112). Other element would receive the click: &lt;div class=&quot;CityModalWap&quot; id=&quot;cmw&quot; style=&quot;display: block;&quot;&gt;&lt;/div&gt;
  (Session info: chrome=38.0.2125.111)
  (Driver info: chromedriver=2.10.267521,platform=Windows NT 6.1 SP1 x86) (WARNING: The server did not provide any stacktrace information)
Command duration or timeout: 78 milliseconds
Build info: version: &apos;2.44.0&apos;, revision: &apos;76d78cf323ce037c5f92db6c1bba601c2ac43ad8&apos;, time: &apos;2014-10-23 13:11:40&apos;
System info: host: &apos;SABYA-TI8158&apos;, ip: &apos;10.129.177.53&apos;, os.name: &apos;Windows 7&apos;, os.arch: &apos;x86&apos;, os.version: &apos;6.1&apos;, java.version: &apos;1.7.0_71&apos;
Session ID: e135825625a56036442161a1e57ac808
Driver info: org.openqa.selenium.chrome.ChromeDriver
Capabilities [{platform=XP, acceptSslCerts=true, javascriptEnabled=true, browserName=chrome, chrome={userDataDir=C:\Users\SABYAS~1.MIS\AppData\Local\Temp\scoped_dir3228_30701}, rotatable=false, locationContextEnabled=true, version=38.0.2125.111, takesHeapSnapshot=true, cssSelectorsEnabled=true, databaseEnabled=false, handlesAlerts=true, browserConnectionEnabled=false, webStorageEnabled=true, nativeEvents=true, applicationCacheEnabled=false, takesScreenshot=true}]" type="org.openqa.selenium.WebDriverException">org.openqa.selenium.WebDriverException: unknown error: Element is not clickable at point (373, 112). Other element would receive the click: &lt;div class=&quot;CityModalWap&quot; id=&quot;cmw&quot; style=&quot;display: block;&quot;&gt;&lt;/div&gt;
  (Session info: chrome=38.0.2125.111)
  (Driver info: chromedriver=2.10.267521,platform=Windows NT 6.1 SP1 x86) (WARNING: The server did not provide any stacktrace information)
Command duration or timeout: 78 milliseconds
Build info: version: &apos;2.44.0&apos;, revision: &apos;76d78cf323ce037c5f92db6c1bba601c2ac43ad8&apos;, time: &apos;2014-10-23 13:11:40&apos;
System info: host: &apos;SABYA-TI8158&apos;, ip: &apos;10.129.177.53&apos;, os.name: &apos;Windows 7&apos;, os.arch: &apos;x86&apos;, os.version: &apos;6.1&apos;, java.version: &apos;1.7.0_71&apos;
Session ID: e135825625a56036442161a1e57ac808
Driver info: org.openqa.selenium.chrome.ChromeDriver
Capabilities [{platform=XP, acceptSslCerts=true, javascriptEnabled=true, browserName=chrome, chrome={userDataDir=C:\Users\SABYAS~1.MIS\AppData\Local\Temp\scoped_dir3228_30701}, rotatable=false, locationContextEnabled=true, version=38.0.2125.111, takesHeapSnapshot=true, cssSelectorsEnabled=true, databaseEnabled=false, handlesAlerts=true, browserConnectionEnabled=false, webStorageEnabled=true, nativeEvents=true, applicationCacheEnabled=false, takesScreenshot=true}]
	at sun.reflect.NativeConstructorAccessorImpl.newInstance0(Native Method)
	at sun.reflect.NativeConstructorAccessorImpl.newInstance(NativeConstructorAccessorImpl.java:57)
	at sun.reflect.DelegatingConstructorAccessorImpl.newInstance(DelegatingConstructorAccessorImpl.java:45)
	at java.lang.reflect.Constructor.newInstance(Constructor.java:526)
	at org.openqa.selenium.remote.ErrorHandler.createThrowable(ErrorHandler.java:204)
	at org.openqa.selenium.remote.ErrorHandler.throwIfResponseFailed(ErrorHandler.java:156)
	at org.openqa.selenium.remote.RemoteWebDriver.execute(RemoteWebDriver.java:599)
	at org.openqa.selenium.remote.RemoteWebElement.execute(RemoteWebElement.java:268)
	at org.openqa.selenium.remote.RemoteWebElement.click(RemoteWebElement.java:79)
	at sun.reflect.NativeMethodAccessorImpl.invoke0(Native Method)
	at sun.reflect.NativeMethodAccessorImpl.invoke(NativeMethodAccessorImpl.java:57)
	at sun.reflect.DelegatingMethodAccessorImpl.invoke(DelegatingMethodAccessorImpl.java:43)
	at java.lang.reflect.Method.invoke(Method.java:606)
	at org.openqa.selenium.support.pagefactory.internal.LocatingElementHandler.invoke(LocatingElementHandler.java:50)
	at com.sun.proxy.$Proxy7.click(Unknown Source)
	at com.taxiforsure.actions.DoOperation.click(DoOperation.java:137)
	at com.taxiforsure.pageObjects.SelectLocation.doSelectCity(SelectLocation.java:163)
	at com.taxiforsure.regressionTest.TaxiforSureBookingsTest.pointToPointTest(TaxiforSureBookingsTest.java:68)
</failure>
  </testcase>
</testsuite>