<?xml version="1.0" encoding="UTF-8"?>
<!-- Generated by org.testng.reporters.JUnitReportReporter -->
<testsuite hostname="SABYA-TI8237" name="com.taxiforsure.regressionTest.PointToPointBookingTest" tests="2" failures="0" timestamp="15 Oct 2014 09:55:27 GMT" time="35.342" errors="0">
  <testcase name="loginTest" time="15.871" classname="com.taxiforsure.regressionTest.PointToPointBookingTest"/>
  <testcase name="pointToPointTest" time="19.471" classname="com.taxiforsure.regressionTest.PointToPointBookingTest"/>
</testsuite> <!-- com.taxiforsure.regressionTest.PointToPointBookingTest -->
