<?xml version="1.0" encoding="UTF-8"?>
<!-- Generated by org.testng.reporters.JUnitReportReporter -->
<testsuite hostname="SABYA-TI8158" name="com.taxiforsure.regressionTest.LoginTest" tests="1" failures="0" timestamp="4 Nov 2014 05:37:52 GMT" time="38.709" errors="0">
  <testcase name="loginTest" time="38.709" classname="com.taxiforsure.regressionTest.LoginTest"/>
</testsuite> <!-- com.taxiforsure.regressionTest.LoginTest -->
