<?xml version="1.0" encoding="UTF-8"?>
<!-- Generated by org.testng.reporters.JUnitReportReporter -->
<testsuite hostname="SABYA-TI8158" name="com.taxiforsure.regressionTest.LoginTest" tests="1" failures="0" timestamp="20 Nov 2014 09:22:43 GMT" time="12.581" errors="0">
  <testcase name="loginTest" time="12.581" classname="com.taxiforsure.regressionTest.LoginTest"/>
</testsuite> <!-- com.taxiforsure.regressionTest.LoginTest -->
