<?xml version="1.0" encoding="UTF-8"?>
<!-- Generated by org.testng.reporters.JUnitReportReporter -->
<testsuite hostname="SABYA-TI8237" name="TestNGTutorialGroupTest" tests="2" failures="0" timestamp="28 Oct 2014 12:09:03 GMT" time="0.015" errors="0">
  <testcase name="test2" time="0.000" classname="TestNGTutorialGroupTest"/>
  <testcase name="test1" time="0.015" classname="TestNGTutorialGroupTest"/>
</testsuite> <!-- TestNGTutorialGroupTest -->
