<?xml version="1.0" encoding="UTF-8"?>
<!-- Generated by org.testng.reporters.JUnitReportReporter -->
<testsuite hostname="SABYA-TI8158" name="JQueryDatePicket" tests="1" failures="0" timestamp="13 Nov 2014 04:33:45 GMT" time="13.700" errors="0">
  <testcase name="testJQueryDatePicket" time="13.700" classname="JQueryDatePicket"/>
</testsuite> <!-- JQueryDatePicket -->
