<?xml version="1.0" encoding="UTF-8"?>
<!-- Generated by org.testng.reporters.JUnitReportReporter -->
<testsuite hostname="SABYA-TI8158" name="CaptureElement" tests="1" failures="0" timestamp="12 Nov 2014 09:06:49 GMT" time="0.655" errors="0">
  <testcase name="gomezTest" time="0.655" classname="CaptureElement"/>
</testsuite> <!-- CaptureElement -->
