<?xml version="1.0" encoding="UTF-8"?>
<!-- Generated by org.testng.reporters.JUnitReportReporter -->
<testsuite hostname="SABYA-TI8158" name="CalculatorTestAdd" tests="3" failures="0" timestamp="20 Nov 2014 04:54:07 GMT" time="0.234" errors="0">
  <testcase name="testAdd" time="0.078" classname="CalculatorTestAdd"/>
  <testcase name="testAdd" time="0.078" classname="CalculatorTestAdd"/>
  <testcase name="testAdd" time="0.078" classname="CalculatorTestAdd"/>
</testsuite> <!-- CalculatorTestAdd -->
