<?xml version="1.0" encoding="UTF-8"?>
<!-- Generated by org.testng.reporters.JUnitReportReporter -->
<testsuite hostname="SABYA-TI8237" name="com.taxiforsure.testCases.MsiteBookingsTest" tests="2" failures="0" timestamp="27 Oct 2014 07:38:03 GMT" time="151.102" errors="0">
  <testcase name="mSiteBookingAfter60MinsTest" time="71.177" classname="com.taxiforsure.testCases.MsiteBookingsTest"/>
  <testcase name="mSiteBookingAfter60MinsTest" time="79.925" classname="com.taxiforsure.testCases.MsiteBookingsTest"/>
</testsuite> <!-- com.taxiforsure.testCases.MsiteBookingsTest -->
