<?xml version="1.0" encoding="UTF-8"?>
<!-- Generated by org.testng.reporters.JUnitReportReporter -->
<testsuite hostname="SABYA-TI8237" name="com.taxiforsure.testCases.OutstationTest" tests="1" failures="0" timestamp="19 Aug 2014 12:56:57 GMT" time="49.748" errors="0">
  <testcase name="outstationBookingTest" time="49.748" classname="com.taxiforsure.testCases.OutstationTest"/>
</testsuite> <!-- com.taxiforsure.testCases.OutstationTest -->
