<?xml version="1.0" encoding="UTF-8"?>
<!-- Generated by org.testng.reporters.JUnitReportReporter -->
<testsuite hostname="SABYA-TI8237" name="com.taxiforsure.testCases.AirportTransferTest" tests="2" failures="0" timestamp="19 Aug 2014 12:56:57 GMT" time="65.551" errors="0">
  <testcase name="goToAirportTest" time="31.817" classname="com.taxiforsure.testCases.AirportTransferTest"/>
  <testcase name="commingFromAirportTest" time="33.734" classname="com.taxiforsure.testCases.AirportTransferTest"/>
</testsuite> <!-- com.taxiforsure.testCases.AirportTransferTest -->
