<?xml version="1.0" encoding="UTF-8"?>
<!-- Generated by org.testng.reporters.JUnitReportReporter -->
<testsuite hostname="SABYA-TI8237" name="com.taxiforsure.testCases.PointToPointBookingsTest" tests="2" failures="0" timestamp="19 Aug 2014 12:56:57 GMT" time="50.722" errors="0">
  <testcase name="pointToPointBookingTest" time="23.749" classname="com.taxiforsure.testCases.PointToPointBookingsTest"/>
  <testcase name="pointToPointBookingTest" time="26.973" classname="com.taxiforsure.testCases.PointToPointBookingsTest"/>
</testsuite> <!-- com.taxiforsure.testCases.PointToPointBookingsTest -->
