<?xml version="1.0" encoding="UTF-8"?>
<!-- Generated by org.testng.reporters.JUnitReportReporter -->
<testsuite hostname="SABYA-TI8237" name="com.taxiforsure.testCases.HalfAndFullDayTest" tests="1" failures="0" timestamp="19 Aug 2014 12:56:57 GMT" time="31.459" errors="0">
  <testcase name="HalfDayOrFullDayTest" time="31.459" classname="com.taxiforsure.testCases.HalfAndFullDayTest"/>
</testsuite> <!-- com.taxiforsure.testCases.HalfAndFullDayTest -->
